This is pdfTeX, Version 3.14159265-2.6-1.40.20 (MiKTeX 2.9.7050 64-bit) (preloaded format=pdflatex 2019.6.1)  24 OCT 2019 23:28
entering extended mode
**./informe.tex
(informe.tex
LaTeX2e <2018-12-01>
("C:\Program Files\MiKTeX 2.9\tex/latex/base\article.cls"
Document Class: article 2018/09/03 v1.4i Standard LaTeX document class
("C:\Program Files\MiKTeX 2.9\tex/latex/base\size10.clo"
File: size10.clo 2018/09/03 v1.4i Standard LaTeX file (size option)
)
\c@part=\count80
\c@section=\count81
\c@subsection=\count82
\c@subsubsection=\count83
\c@paragraph=\count84
\c@subparagraph=\count85
\c@figure=\count86
\c@table=\count87
\abovecaptionskip=\skip41
\belowcaptionskip=\skip42
\bibindent=\dimen102
)
("C:\Program Files\MiKTeX 2.9\tex/generic/babel\babel.sty"
Package: babel 2019/05/04 3.31 The Babel package

("C:\Program Files\MiKTeX 2.9\tex/generic/babel\switch.def"
File: switch.def 2019/05/04 3.31 Babel switching mechanism
)
*************************************
* Local config file bblopts.cfg used
*
("C:\Program Files\MiKTeX 2.9\tex/latex/arabi\bblopts.cfg"
File: bblopts.cfg 2005/09/08 v0.1 add Arabic and Farsi to "declared" options of
 babel
)
("C:\Program Files\MiKTeX 2.9\tex/latex/babel-spanish\spanish.ldf"
Language: spanish.ldf 2016/03/03 v5.0p Spanish support from the babel system

("C:\Program Files\MiKTeX 2.9\tex/generic/babel\babel.def"
File: babel.def 2019/05/04 3.31 Babel common definitions
\babel@savecnt=\count88
\U@D=\dimen103

("C:\Program Files\MiKTeX 2.9\tex/generic/babel\txtbabel.def")
\bbl@dirlevel=\count89
)
\es@quottoks=\toks14
\es@quotdepth=\count90
Package babel Info: Making " an active character on input line 561.
Package babel Info: Making . an active character on input line 662.
Package babel Info: Making < an active character on input line 707.
Package babel Info: Making > an active character on input line 707.
))
("C:\Program Files\MiKTeX 2.9\tex/latex/base\inputenc.sty"
Package: inputenc 2018/08/11 v1.3c Input encoding file
\inpenc@prehook=\toks15
\inpenc@posthook=\toks16
)
("C:\Program Files\MiKTeX 2.9\tex/latex/psnfss\charter.sty"
Package: charter 2005/04/12 PSNFSS-v9.2a (P.Dyballa) 
)
("C:\Program Files\MiKTeX 2.9\tex/latex/graphics\graphicx.sty"
Package: graphicx 2017/06/01 v1.1a Enhanced LaTeX Graphics (DPC,SPQR)

("C:\Program Files\MiKTeX 2.9\tex/latex/graphics\keyval.sty"
Package: keyval 2014/10/28 v1.15 key=value parser (DPC)
\KV@toks@=\toks17
)
("C:\Program Files\MiKTeX 2.9\tex/latex/graphics\graphics.sty"
Package: graphics 2017/06/25 v1.2c Standard LaTeX Graphics (DPC,SPQR)

("C:\Program Files\MiKTeX 2.9\tex/latex/graphics\trig.sty"
Package: trig 2016/01/03 v1.10 sin cos tan (DPC)
)
("C:\Program Files\MiKTeX 2.9\tex/latex/graphics-cfg\graphics.cfg"
File: graphics.cfg 2016/06/04 v1.11 sample graphics configuration
)
Package graphics Info: Driver file: pdftex.def on input line 99.

("C:\Program Files\MiKTeX 2.9\tex/latex/graphics-def\pdftex.def"
File: pdftex.def 2018/01/08 v1.0l Graphics/color driver for pdftex
))
\Gin@req@height=\dimen104
\Gin@req@width=\dimen105
)
("C:\Program Files\MiKTeX 2.9\tex/latex/amsmath\amsmath.sty"
Package: amsmath 2018/12/01 v2.17b AMS math features
\@mathmargin=\skip43

For additional information on amsmath, use the `?' option.
("C:\Program Files\MiKTeX 2.9\tex/latex/amsmath\amstext.sty"
Package: amstext 2000/06/29 v2.01 AMS text

("C:\Program Files\MiKTeX 2.9\tex/latex/amsmath\amsgen.sty"
File: amsgen.sty 1999/11/30 v2.0 generic functions
\@emptytoks=\toks18
\ex@=\dimen106
))
("C:\Program Files\MiKTeX 2.9\tex/latex/amsmath\amsbsy.sty"
Package: amsbsy 1999/11/29 v1.2d Bold Symbols
\pmbraise@=\dimen107
)
("C:\Program Files\MiKTeX 2.9\tex/latex/amsmath\amsopn.sty"
Package: amsopn 2016/03/08 v2.02 operator names
)
\inf@bad=\count91
LaTeX Info: Redefining \frac on input line 223.
\uproot@=\count92
\leftroot@=\count93
LaTeX Info: Redefining \overline on input line 385.
\classnum@=\count94
\DOTSCASE@=\count95
LaTeX Info: Redefining \ldots on input line 482.
LaTeX Info: Redefining \dots on input line 485.
LaTeX Info: Redefining \cdots on input line 606.
\Mathstrutbox@=\box27
\strutbox@=\box28
\big@size=\dimen108
LaTeX Font Info:    Redeclaring font encoding OML on input line 729.
LaTeX Font Info:    Redeclaring font encoding OMS on input line 730.
\macc@depth=\count96
\c@MaxMatrixCols=\count97
\dotsspace@=\muskip10
\c@parentequation=\count98
\dspbrk@lvl=\count99
\tag@help=\toks19
\row@=\count100
\column@=\count101
\maxfields@=\count102
\andhelp@=\toks20
\eqnshift@=\dimen109
\alignsep@=\dimen110
\tagshift@=\dimen111
\tagwidth@=\dimen112
\totwidth@=\dimen113
\lineht@=\dimen114
\@envbody=\toks21
\multlinegap=\skip44
\multlinetaggap=\skip45
\mathdisplay@stack=\toks22
LaTeX Info: Redefining \[ on input line 2844.
LaTeX Info: Redefining \] on input line 2845.
)
("C:\Program Files\MiKTeX 2.9\tex/latex/paralist\paralist.sty"
Package: paralist 2017/01/22 v2.7 Extended list environments
\pltopsep=\skip46
\plpartopsep=\skip47
\plitemsep=\skip48
\plparsep=\skip49
\pl@lab=\toks23
)
("C:\Program Files\MiKTeX 2.9\tex/latex/multirow\multirow.sty"
Package: multirow 2019/01/01 v2.4 Span multiple rows of a table
\multirow@colwidth=\skip50
\multirow@cntb=\count103
\multirow@dima=\skip51
\bigstrutjot=\dimen115
)
("C:\Program Files\MiKTeX 2.9\tex/latex/xcolor\xcolor.sty"
Package: xcolor 2016/05/11 v2.12 LaTeX color extensions (UK)

("C:\Program Files\MiKTeX 2.9\tex/latex/graphics-cfg\color.cfg"
File: color.cfg 2016/01/02 v1.6 sample color configuration
)
Package xcolor Info: Driver file: pdftex.def on input line 225.

("C:\Program Files\MiKTeX 2.9\tex/latex/colortbl\colortbl.sty"
Package: colortbl 2018/12/12 v1.0d Color table columns (DPC)

("C:\Program Files\MiKTeX 2.9\tex/latex/tools\array.sty"
Package: array 2018/12/30 v2.4k Tabular extension package (FMi)
\col@sep=\dimen116
\ar@mcellbox=\box29
\extrarowheight=\dimen117
\NC@list=\toks24
\extratabsurround=\skip52
\backup@length=\skip53
\ar@cellbox=\box30
)
\everycr=\toks25
\minrowclearance=\skip54
)
\rownum=\count104
Package xcolor Info: Model `cmy' substituted by `cmy0' on input line 1348.
Package xcolor Info: Model `hsb' substituted by `rgb' on input line 1352.
Package xcolor Info: Model `RGB' extended on input line 1364.
Package xcolor Info: Model `HTML' substituted by `rgb' on input line 1366.
Package xcolor Info: Model `Hsb' substituted by `hsb' on input line 1367.
Package xcolor Info: Model `tHsb' substituted by `hsb' on input line 1368.
Package xcolor Info: Model `HSB' substituted by `hsb' on input line 1369.
Package xcolor Info: Model `Gray' substituted by `gray' on input line 1370.
Package xcolor Info: Model `wave' substituted by `hsb' on input line 1371.
)
("C:\Program Files\MiKTeX 2.9\tex/latex/amscls\amsthm.sty"
Package: amsthm 2017/10/31 v2.20.4
\thm@style=\toks26
\thm@bodyfont=\toks27
\thm@headfont=\toks28
\thm@notefont=\toks29
\thm@headpunct=\toks30
\thm@preskip=\skip55
\thm@postskip=\skip56
\thm@headsep=\skip57
\dth@everypar=\toks31
)
("C:\Program Files\MiKTeX 2.9\tex/latex/underscore\underscore.sty"
Package: underscore 2006/09/13
LaTeX Info: Redefining \_ on input line 42.
)
(caratula.sty
Package: caratula 2005/08/09 v0.3 Para componer caratulas de TPs del DC

Cargando package 'caratula' v0.3 (2005/08/09)
\intlist=\toks32
) ("C:\Program Files\MiKTeX 2.9\tex/latex/url\url.sty"
\Urlmuskip=\muskip11
Package: url 2013/09/16  ver 3.4  Verb mode for urls, etc.
)
("C:\Program Files\MiKTeX 2.9\tex/latex/tools\multicol.sty"
Package: multicol 2018/12/27 v1.8v multicolumn formatting (FMi)
\c@tracingmulticols=\count105
\mult@box=\box31
\multicol@leftmargin=\dimen118
\c@unbalance=\count106
\c@collectmore=\count107
\doublecol@number=\count108
\multicoltolerance=\count109
\multicolpretolerance=\count110
\full@width=\dimen119
\page@free=\dimen120
\premulticols=\dimen121
\postmulticols=\dimen122
\multicolsep=\skip58
\multicolbaselineskip=\skip59
\partial@page=\box32
\last@line=\box33
\maxbalancingoverflow=\dimen123
\mult@rightbox=\box34
\mult@grightbox=\box35
\mult@gfirstbox=\box36
\mult@firstbox=\box37
\@tempa=\box38
\@tempa=\box39
\@tempa=\box40
\@tempa=\box41
\@tempa=\box42
\@tempa=\box43
\@tempa=\box44
\@tempa=\box45
\@tempa=\box46
\@tempa=\box47
\@tempa=\box48
\@tempa=\box49
\@tempa=\box50
\@tempa=\box51
\@tempa=\box52
\@tempa=\box53
\@tempa=\box54
\c@columnbadness=\count111
\c@finalcolumnbadness=\count112
\last@try=\dimen124
\multicolovershoot=\dimen125
\multicolundershoot=\dimen126
\mult@nat@firstbox=\box55
\colbreak@box=\box56
\mc@col@check@num=\count113
)
("C:\Program Files\MiKTeX 2.9\tex/latex/algorithmicx\algpseudocode.sty"
Package: algpseudocode 

("C:\Program Files\MiKTeX 2.9\tex/latex/base\ifthen.sty"
Package: ifthen 2014/09/29 v1.1c Standard LaTeX ifthen package (DPC)
)
("C:\Program Files\MiKTeX 2.9\tex/latex/algorithmicx\algorithmicx.sty"
Package: algorithmicx 2005/04/27 v1.2 Algorithmicx

Document Style algorithmicx 1.2 - a greatly improved `algorithmic' style
\c@ALG@line=\count114
\c@ALG@rem=\count115
\c@ALG@nested=\count116
\ALG@tlm=\skip60
\ALG@thistlm=\skip61
\c@ALG@Lnr=\count117
\c@ALG@blocknr=\count118
\c@ALG@storecount=\count119
\c@ALG@tmpcounter=\count120
\ALG@tmplength=\skip62
)
Document Style - pseudocode environments for use with the `algorithmicx' style
) ("C:\Program Files\MiKTeX 2.9\tex/latex/fancybox\fancybox.sty"
Package: fancybox 2010/05/15 1.4

Style option: `fancybox' v1.4 <2010/05/15> (tvz)
\@fancybox=\box57
\shadowsize=\dimen127
\@Sbox=\box58
\do@VerbBox=\toks33
\the@fancyput=\toks34
\this@fancyput=\toks35
\EndVerbatimTokens=\toks36
\Verbatim@Outfile=\write3
\Verbatim@Infile=\read1
) ("C:\Program Files\MiKTeX 2.9\tex/latex/enumitem\enumitem.sty"
Package: enumitem 2019/06/20 v3.9 Customized lists
\labelindent=\skip63
\enit@outerparindent=\dimen128
\enit@toks=\toks37
\enit@inbox=\box59
\enit@count@id=\count121
\enitdp@description=\count122
)
("C:\Program Files\MiKTeX 2.9\tex/latex/titlesec\titlesec.sty"
Package: titlesec 2019/10/16 v2.13 Sectioning titles
\ttl@box=\box60
\beforetitleunit=\skip64
\aftertitleunit=\skip65
\ttl@plus=\dimen129
\ttl@minus=\dimen130
\ttl@toksa=\toks38
\titlewidth=\dimen131
\titlewidthlast=\dimen132
\titlewidthfirst=\dimen133
)
("C:\Program Files\MiKTeX 2.9\tex/latex/hyperref\hyperref.sty"
Package: hyperref 2018/11/30 v6.88e Hypertext links for LaTeX

("C:\Program Files\MiKTeX 2.9\tex/generic/oberdiek\hobsub-hyperref.sty"
Package: hobsub-hyperref 2016/05/16 v1.14 Bundle oberdiek, subset hyperref (HO)


("C:\Program Files\MiKTeX 2.9\tex/generic/oberdiek\hobsub-generic.sty"
Package: hobsub-generic 2016/05/16 v1.14 Bundle oberdiek, subset generic (HO)
Package: hobsub 2016/05/16 v1.14 Construct package bundles (HO)
Package: infwarerr 2016/05/16 v1.4 Providing info/warning/error messages (HO)
Package: ltxcmds 2016/05/16 v1.23 LaTeX kernel commands for general use (HO)
Package: ifluatex 2016/05/16 v1.4 Provides the ifluatex switch (HO)
Package ifluatex Info: LuaTeX not detected.
Package: ifvtex 2016/05/16 v1.6 Detect VTeX and its facilities (HO)
Package ifvtex Info: VTeX not detected.
Package: intcalc 2016/05/16 v1.2 Expandable calculations with integers (HO)
Package: ifpdf 2018/09/07 v3.3 Provides the ifpdf switch
Package: etexcmds 2016/05/16 v1.6 Avoid name clashes with e-TeX commands (HO)
Package: kvsetkeys 2016/05/16 v1.17 Key value parser (HO)
Package: kvdefinekeys 2016/05/16 v1.4 Define keys (HO)
Package: pdftexcmds 2018/09/10 v0.29 Utility functions of pdfTeX for LuaTeX (HO
)
Package pdftexcmds Info: LuaTeX not detected.
Package pdftexcmds Info: \pdf@primitive is available.
Package pdftexcmds Info: \pdf@ifprimitive is available.
Package pdftexcmds Info: \pdfdraftmode found.
Package: pdfescape 2016/05/16 v1.14 Implements pdfTeX's escape features (HO)
Package: bigintcalc 2016/05/16 v1.4 Expandable calculations on big integers (HO
)
Package: bitset 2016/05/16 v1.2 Handle bit-vector datatype (HO)
Package: uniquecounter 2016/05/16 v1.3 Provide unlimited unique counter (HO)
)
Package hobsub Info: Skipping package `hobsub' (already loaded).
Package: letltxmacro 2016/05/16 v1.5 Let assignment for LaTeX macros (HO)
Package: hopatch 2016/05/16 v1.3 Wrapper for package hooks (HO)
Package: xcolor-patch 2016/05/16 xcolor patch
Package: atveryend 2016/05/16 v1.9 Hooks at the very end of document (HO)
Package atveryend Info: \enddocument detected (standard20110627).
Package: atbegshi 2016/06/09 v1.18 At begin shipout hook (HO)
Package: refcount 2016/05/16 v3.5 Data extraction from label references (HO)
Package: hycolor 2016/05/16 v1.8 Color options for hyperref/bookmark (HO)
)
("C:\Program Files\MiKTeX 2.9\tex/generic/ifxetex\ifxetex.sty"
Package: ifxetex 2010/09/12 v0.6 Provides ifxetex conditional
)
("C:\Program Files\MiKTeX 2.9\tex/latex/oberdiek\auxhook.sty"
Package: auxhook 2016/05/16 v1.4 Hooks for auxiliary files (HO)
)
("C:\Program Files\MiKTeX 2.9\tex/latex/oberdiek\kvoptions.sty"
Package: kvoptions 2016/05/16 v3.12 Key value format for package options (HO)
)
\@linkdim=\dimen134
\Hy@linkcounter=\count123
\Hy@pagecounter=\count124

("C:\Program Files\MiKTeX 2.9\tex/latex/hyperref\pd1enc.def"
File: pd1enc.def 2018/11/30 v6.88e Hyperref: PDFDocEncoding definition (HO)
Now handling font encoding PD1 ...
... no UTF-8 mapping file for font encoding PD1
)
\Hy@SavedSpaceFactor=\count125

("C:\Program Files\MiKTeX 2.9\tex/latex/00miktex\hyperref.cfg"
File: hyperref.cfg 2002/06/06 v1.2 hyperref configuration of TeXLive
)
Package hyperref Info: Hyper figures OFF on input line 4519.
Package hyperref Info: Link nesting OFF on input line 4524.
Package hyperref Info: Hyper index ON on input line 4527.
Package hyperref Info: Plain pages OFF on input line 4534.
Package hyperref Info: Backreferencing OFF on input line 4539.
Package hyperref Info: Implicit mode ON; LaTeX internals redefined.
Package hyperref Info: Bookmarks ON on input line 4772.
\c@Hy@tempcnt=\count126
LaTeX Info: Redefining \url on input line 5125.
\XeTeXLinkMargin=\dimen135
\Fld@menulength=\count127
\Field@Width=\dimen136
\Fld@charsize=\dimen137
Package hyperref Info: Hyper figures OFF on input line 6380.
Package hyperref Info: Link nesting OFF on input line 6385.
Package hyperref Info: Hyper index ON on input line 6388.
Package hyperref Info: backreferencing OFF on input line 6395.
Package hyperref Info: Link coloring OFF on input line 6400.
Package hyperref Info: Link coloring with OCG OFF on input line 6405.
Package hyperref Info: PDF/A mode OFF on input line 6410.
LaTeX Info: Redefining \ref on input line 6450.
LaTeX Info: Redefining \pageref on input line 6454.
\Hy@abspage=\count128
\c@Item=\count129
\c@Hfootnote=\count130
)
Package hyperref Info: Driver (autodetected): hpdftex.

("C:\Program Files\MiKTeX 2.9\tex/latex/hyperref\hpdftex.def"
File: hpdftex.def 2018/11/30 v6.88e Hyperref driver for pdfTeX
\Fld@listcount=\count131
\c@bookmark@seq@number=\count132

("C:\Program Files\MiKTeX 2.9\tex/latex/oberdiek\rerunfilecheck.sty"
Package: rerunfilecheck 2016/05/16 v1.8 Rerun checks for auxiliary files (HO)
Package uniquecounter Info: New unique counter `rerunfilecheck' on input line 2
82.
)
\Hy@SectionHShift=\skip66
)
\c@subsubsubsection=\count133

("C:\Program Files\MiKTeX 2.9\tex/latex/amsfonts\amssymb.sty"
Package: amssymb 2013/01/14 v3.01 AMS font symbols

("C:\Program Files\MiKTeX 2.9\tex/latex/amsfonts\amsfonts.sty"
Package: amsfonts 2013/01/14 v3.01 Basic AMSFonts support
\symAMSa=\mathgroup4
\symAMSb=\mathgroup5
LaTeX Font Info:    Overwriting math alphabet `\mathfrak' in version `bold'
(Font)                  U/euf/m/n --> U/euf/b/n on input line 106.
))
("C:\Program Files\MiKTeX 2.9\tex/latex/algorithms\algorithm.sty"
Package: algorithm 2009/08/24 v0.1 Document Style `algorithm' - floating enviro
nment

("C:\Program Files\MiKTeX 2.9\tex/latex/float\float.sty"
Package: float 2001/11/08 v1.3d Float enhancements (AL)
\c@float@type=\count134
\float@exts=\toks39
\float@box=\box61
\@float@everytoks=\toks40
\@floatcapt=\box62
)
\@float@every@algorithm=\toks41
\c@algorithm=\count135
)
("C:\Program Files\MiKTeX 2.9\tex/latex/footmisc\footmisc.sty"
Package: footmisc 2011/06/06 v5.5b a miscellany of footnote facilities
\FN@temptoken=\toks42
\footnotemargin=\dimen138
\c@pp@next@reset=\count136
Package footmisc Info: Declaring symbol style bringhurst on input line 855.
Package footmisc Info: Declaring symbol style chicago on input line 863.
Package footmisc Info: Declaring symbol style wiley on input line 872.
Package footmisc Info: Declaring symbol style lamport-robust on input line 883.

Package footmisc Info: Declaring symbol style lamport* on input line 903.
Package footmisc Info: Declaring symbol style lamport*-robust on input line 924
.
)
("C:\Program Files\MiKTeX 2.9\tex/latex/fancyhdr\fancyhdr.sty"
Package: fancyhdr 2019/01/31 v3.10 Extensive control of page headers and footer
s
\f@nch@headwidth=\skip67
\f@nch@O@elh=\skip68
\f@nch@O@erh=\skip69
\f@nch@O@olh=\skip70
\f@nch@O@orh=\skip71
\f@nch@O@elf=\skip72
\f@nch@O@erf=\skip73
\f@nch@O@olf=\skip74
\f@nch@O@orf=\skip75
)
("C:\Program Files\MiKTeX 2.9\tex/latex/tools\xspace.sty"
Package: xspace 2014/10/28 v1.13 Space after command names (DPC,MH)
)
No file informe.aux.
\openout1 = `informe.aux'.

LaTeX Font Info:    Checking defaults for OML/cmm/m/it on input line 138.
LaTeX Font Info:    ... okay on input line 138.
LaTeX Font Info:    Checking defaults for T1/cmr/m/n on input line 138.
LaTeX Font Info:    ... okay on input line 138.
LaTeX Font Info:    Checking defaults for OT1/cmr/m/n on input line 138.
LaTeX Font Info:    ... okay on input line 138.
LaTeX Font Info:    Checking defaults for OMS/cmsy/m/n on input line 138.
LaTeX Font Info:    ... okay on input line 138.
LaTeX Font Info:    Checking defaults for OMX/cmex/m/n on input line 138.
LaTeX Font Info:    ... okay on input line 138.
LaTeX Font Info:    Checking defaults for U/cmr/m/n on input line 138.
LaTeX Font Info:    ... okay on input line 138.
LaTeX Font Info:    Checking defaults for PD1/pdf/m/n on input line 138.
LaTeX Font Info:    ... okay on input line 138.
LaTeX Font Info:    Try loading font information for OT1+bch on input line 138.

("C:\Program Files\MiKTeX 2.9\tex/latex/psnfss\ot1bch.fd"
File: ot1bch.fd 2004/10/18 font definitions for OT1/bch.
)
LaTeX Info: Redefining \. on input line 138.
LaTeX Info: Redefining \% on input line 138.

("C:\Program Files\MiKTeX 2.9\tex/context/base/mkii\supp-pdf.mkii"
[Loading MPS to PDF converter (version 2006.09.02).]
\scratchcounter=\count137
\scratchdimen=\dimen139
\scratchbox=\box63
\nofMPsegments=\count138
\nofMParguments=\count139
\everyMPshowfont=\toks43
\MPscratchCnt=\count140
\MPscratchDim=\dimen140
\MPnumerator=\count141
\makeMPintoPDFobject=\count142
\everyMPtoPDFconversion=\toks44
) ("C:\Program Files\MiKTeX 2.9\tex/latex/oberdiek\epstopdf-base.sty"
Package: epstopdf-base 2016/05/15 v2.6 Base part for package epstopdf

("C:\Program Files\MiKTeX 2.9\tex/latex/oberdiek\grfext.sty"
Package: grfext 2016/05/16 v1.2 Manage graphics extensions (HO)
)
Package epstopdf-base Info: Redefining graphics rule for `.eps' on input line 4
38.
Package grfext Info: Graphics extension search list:
(grfext)             [.pdf,.png,.jpg,.mps,.jpeg,.jbig2,.jb2,.PDF,.PNG,.JPG,.JPE
G,.JBIG2,.JB2,.eps]
(grfext)             \AppendGraphicsExtensions on input line 456.
)
\AtBeginShipoutBox=\box64
Package hyperref Info: Link coloring OFF on input line 138.

("C:\Program Files\MiKTeX 2.9\tex/latex/hyperref\nameref.sty"
Package: nameref 2016/05/21 v2.44 Cross-referencing by name of section

("C:\Program Files\MiKTeX 2.9\tex/generic/oberdiek\gettitlestring.sty"
Package: gettitlestring 2016/05/16 v1.5 Cleanup title references (HO)
)
\c@section@level=\count143
)
LaTeX Info: Redefining \ref on input line 138.
LaTeX Info: Redefining \pageref on input line 138.
LaTeX Info: Redefining \nameref on input line 138.
\@outlinefile=\write4
\openout4 = `informe.out'.

<images/logodc.jpg, id=3, 215.6055pt x 83.5923pt>
File: images/logodc.jpg Graphic file (type jpg)
<use images/logodc.jpg>
Package pdftex.def Info: images/logodc.jpg  used on input line 150.
(pdftex.def)             Requested size: 215.60497pt x 83.59207pt.
LaTeX Font Info:    Try loading font information for U+msa on input line 150.

("C:\Program Files\MiKTeX 2.9\tex/latex/amsfonts\umsa.fd"
File: umsa.fd 2013/01/14 v3.01 AMS symbols A
)
LaTeX Font Info:    Try loading font information for U+msb on input line 150.

("C:\Program Files\MiKTeX 2.9\tex/latex/amsfonts\umsb.fd"
File: umsb.fd 2013/01/14 v3.01 AMS symbols B
)
<images/logouba.jpg, id=4, 225.4824pt x 231.7458pt>
File: images/logouba.jpg Graphic file (type jpg)
<use images/logouba.jpg>
Package pdftex.def Info: images/logouba.jpg  used on input line 150.
(pdftex.def)             Requested size: 225.48184pt x 231.74522pt.


LaTeX Font Warning: Font shape `OT1/cmss/b/n' undefined
(Font)              using `OT1/cmss/m/n' instead on input line 150.


Underfull \hbox (badness 10000) in paragraph at lines 150--150

 []


Overfull \hbox (22.76358pt too wide) in paragraph at lines 150--150
[][][] 
 []

[1

{C:/Users/experimento/AppData/Local/MiKTeX/2.9/pdftex/config/pdftex.map} <./ima
ges/logodc.jpg> <./images/logouba.jpg>]
\tf@toc=\write5
\openout5 = `informe.toc'.

 [2]
(sections/clusters/introduccion.tex) (sections/clusters/implementaciones.tex
(sections/clusters/implementacion-armado-grafo.tex
Package hyperref Info: bookmark level for unknown algorithm defaults to 0 on in
put line 2.
)
LaTeX Info: Redefining \. on input line 13.
LaTeX Info: Redefining \% on input line 13.
 [3]
(sections/clusters/implementacion-recorte.tex
(sections/clusters/implementacion-recorte-code-prune.tex)
LaTeX Info: Redefining \. on input line 19.
LaTeX Info: Redefining \% on input line 19.
 [4]
(sections/clusters/implementacion-recorte-code-inconsistent.tex)
LaTeX Info: Redefining \. on input line 36.
LaTeX Info: Redefining \% on input line 36.
 [5]

LaTeX Warning: Command \textendash invalid in math mode on input line 38.


LaTeX Warning: Command \textendash invalid in math mode on input line 42.

(sections/clusters/implementacion-recorte-code-collect.tex
LaTeX Info: Redefining \. on input line 28.
LaTeX Info: Redefining \% on input line 28.
 [6])
(sections/clusters/implementacion-recorte-code-delete.tex)
LaTeX Info: Redefining \. on input line 58.
LaTeX Info: Redefining \% on input line 58.
 [7]
(sections/clusters/implementacion-recorte-code-stdev.tex)
(sections/clusters/implementacion-recorte-code-media.tex)
(sections/clusters/implementacion-algoritmo-final.tex
LaTeX Info: Redefining \. on input line 15.
LaTeX Info: Redefining \% on input line 15.
 [8])))
(sections/clusters/experimentacion.tex
(sections/clusters/experimentacion/criterios.tex
<./images/experimentos/dataset1.png, id=76, 433.62pt x 289.08pt>
File: ./images/experimentos/dataset1.png Graphic file (type png)
<use ./images/experimentos/dataset1.png>
Package pdftex.def Info: ./images/experimentos/dataset1.png  used on input line
 20.
(pdftex.def)             Requested size: 173.44492pt x 115.62994pt.

Overfull \hbox (36.87032pt too wide) in paragraph at lines 20--21
 [][] 
 []

<./images/experimentos/dataset2.png, id=78, 433.62pt x 289.08pt>
File: ./images/experimentos/dataset2.png Graphic file (type png)
<use ./images/experimentos/dataset2.png>
Package pdftex.def Info: ./images/experimentos/dataset2.png  used on input line
 24.
(pdftex.def)             Requested size: 173.44492pt x 115.62994pt.

Overfull \hbox (36.87032pt too wide) in paragraph at lines 24--25
 [][] 
 []

<./images/experimentos/dataset3.png, id=79, 433.62pt x 289.08pt>
File: ./images/experimentos/dataset3.png Graphic file (type png)
<use ./images/experimentos/dataset3.png>
Package pdftex.def Info: ./images/experimentos/dataset3.png  used on input line
 28.
(pdftex.def)             Requested size: 173.44492pt x 115.62994pt.

Overfull \hbox (36.87032pt too wide) in paragraph at lines 28--29
 [][] 
 []

LaTeX Info: Redefining \. on input line 39.
LaTeX Info: Redefining \% on input line 39.
[9 <./images/experimentos/dataset1.png> <./images/experimentos/dataset2.png> <.
/images/experimentos/dataset3.png>]
<./images/experimentos/ds1-solosigma.png, id=98, 433.62pt x 289.08pt>
File: ./images/experimentos/ds1-solosigma.png Graphic file (type png)
<use ./images/experimentos/ds1-solosigma.png>
Package pdftex.def Info: ./images/experimentos/ds1-solosigma.png  used on input
 line 47.
(pdftex.def)             Requested size: 173.44492pt x 115.62994pt.

Overfull \hbox (36.87032pt too wide) in paragraph at lines 47--48
 [][] 
 []

<./images/experimentos/ds2-solosigma.png, id=99, 433.62pt x 289.08pt>
File: ./images/experimentos/ds2-solosigma.png Graphic file (type png)
<use ./images/experimentos/ds2-solosigma.png>
Package pdftex.def Info: ./images/experimentos/ds2-solosigma.png  used on input
 line 51.
(pdftex.def)             Requested size: 173.44492pt x 115.62994pt.

Overfull \hbox (36.87032pt too wide) in paragraph at lines 51--52
 [][] 
 []

<./images/experimentos/ds3-solosigma.png, id=100, 433.62pt x 289.08pt>
File: ./images/experimentos/ds3-solosigma.png Graphic file (type png)
<use ./images/experimentos/ds3-solosigma.png>
Package pdftex.def Info: ./images/experimentos/ds3-solosigma.png  used on input
 line 55.
(pdftex.def)             Requested size: 173.44492pt x 115.62994pt.

Overfull \hbox (36.87032pt too wide) in paragraph at lines 55--56
 [][] 
 []

<./images/experimentos/ds1-solof.png, id=101, 433.62pt x 289.08pt>
File: ./images/experimentos/ds1-solof.png Graphic file (type png)
<use ./images/experimentos/ds1-solof.png>
Package pdftex.def Info: ./images/experimentos/ds1-solof.png  used on input lin
e 70.
(pdftex.def)             Requested size: 173.44492pt x 115.62994pt.

Overfull \hbox (36.87032pt too wide) in paragraph at lines 70--71
 [][] 
 []

<./images/experimentos/ds2-solof.png, id=102, 433.62pt x 289.08pt>
File: ./images/experimentos/ds2-solof.png Graphic file (type png)
<use ./images/experimentos/ds2-solof.png>
Package pdftex.def Info: ./images/experimentos/ds2-solof.png  used on input lin
e 74.
(pdftex.def)             Requested size: 173.44492pt x 115.62994pt.

Overfull \hbox (36.87032pt too wide) in paragraph at lines 74--75
 [][] 
 []

<./images/experimentos/ds3-solof.png, id=103, 433.62pt x 289.08pt>
File: ./images/experimentos/ds3-solof.png Graphic file (type png)
<use ./images/experimentos/ds3-solof.png>
Package pdftex.def Info: ./images/experimentos/ds3-solof.png  used on input lin
e 78.
(pdftex.def)             Requested size: 173.44492pt x 115.62994pt.

Overfull \hbox (36.87032pt too wide) in paragraph at lines 78--79
 [][] 
 []

<./images/experimentos/ds1-sigmaof.png, id=104, 433.62pt x 289.08pt>
File: ./images/experimentos/ds1-sigmaof.png Graphic file (type png)
<use ./images/experimentos/ds1-sigmaof.png>
Package pdftex.def Info: ./images/experimentos/ds1-sigmaof.png  used on input l
ine 92.
(pdftex.def)             Requested size: 173.44492pt x 115.62994pt.

Overfull \hbox (36.87032pt too wide) in paragraph at lines 92--93
 [][] 
 []

<./images/experimentos/ds2-sigmaof.png, id=105, 433.62pt x 289.08pt>
File: ./images/experimentos/ds2-sigmaof.png Graphic file (type png)
<use ./images/experimentos/ds2-sigmaof.png>
Package pdftex.def Info: ./images/experimentos/ds2-sigmaof.png  used on input l
ine 96.
(pdftex.def)             Requested size: 173.44492pt x 115.62994pt.

Overfull \hbox (36.87032pt too wide) in paragraph at lines 96--97
 [][] 
 []

<./images/experimentos/ds3-sigmaof.png, id=106, 433.62pt x 289.08pt>
File: ./images/experimentos/ds3-sigmaof.png Graphic file (type png)
<use ./images/experimentos/ds3-sigmaof.png>
Package pdftex.def Info: ./images/experimentos/ds3-sigmaof.png  used on input l
ine 100.
(pdftex.def)             Requested size: 173.44492pt x 115.62994pt.

Overfull \hbox (36.87032pt too wide) in paragraph at lines 100--101
 [][] 
 []

LaTeX Info: Redefining \. on input line 103.
LaTeX Info: Redefining \% on input line 103.
[10 <./images/experimentos/ds1-solosigma.png> <./images/experimentos/ds2-solosi
gma.png> <./images/experimentos/ds3-solosigma.png> <./images/experimentos/ds1-s
olof.png> <./images/experimentos/ds2-solof.png> <./images/experimentos/ds3-solo
f.png>]
<./images/experimentos/ds1-sigmayf.png, id=120, 433.62pt x 289.08pt>
File: ./images/experimentos/ds1-sigmayf.png Graphic file (type png)
<use ./images/experimentos/ds1-sigmayf.png>
Package pdftex.def Info: ./images/experimentos/ds1-sigmayf.png  used on input l
ine 113.
(pdftex.def)             Requested size: 173.44492pt x 115.62994pt.

Overfull \hbox (36.87032pt too wide) in paragraph at lines 113--114
 [][] 
 []

<./images/experimentos/ds2-sigmayf.png, id=121, 433.62pt x 289.08pt>
File: ./images/experimentos/ds2-sigmayf.png Graphic file (type png)
<use ./images/experimentos/ds2-sigmayf.png>
Package pdftex.def Info: ./images/experimentos/ds2-sigmayf.png  used on input l
ine 117.
(pdftex.def)             Requested size: 173.44492pt x 115.62994pt.

Overfull \hbox (36.87032pt too wide) in paragraph at lines 117--118
 [][] 
 []

<./images/experimentos/ds3-sigmayf.png, id=122, 433.62pt x 289.08pt>
File: ./images/experimentos/ds3-sigmayf.png Graphic file (type png)
<use ./images/experimentos/ds3-sigmayf.png>
Package pdftex.def Info: ./images/experimentos/ds3-sigmayf.png  used on input l
ine 121.
(pdftex.def)             Requested size: 173.44492pt x 115.62994pt.

Overfull \hbox (36.87032pt too wide) in paragraph at lines 121--122
 [][] 
 []

) (sections/clusters/experimentacion/kruskalVsKruskalPC.tex
<./images/experimentos/variosClusters.png, id=123, 409.53pt x 260.975pt>
File: ./images/experimentos/variosClusters.png Graphic file (type png)
<use ./images/experimentos/variosClusters.png>
Package pdftex.def Info: ./images/experimentos/variosClusters.png  used on inpu
t line 10.
(pdftex.def)             Requested size: 180.19376pt x 114.82935pt.

Overfull \hbox (43.61916pt too wide) in paragraph at lines 10--11
 [][] 
 []

<./images/experimentos/unicoCluster.png, id=124, 381.425pt x 260.975pt>
File: ./images/experimentos/unicoCluster.png Graphic file (type png)
<use ./images/experimentos/unicoCluster.png>
Package pdftex.def Info: ./images/experimentos/unicoCluster.png  used on input 
line 15.
(pdftex.def)             Requested size: 167.82751pt x 114.82935pt.

Overfull \hbox (31.25291pt too wide) in paragraph at lines 15--16
 [][] 
 []

LaTeX Info: Redefining \. on input line 18.
LaTeX Info: Redefining \% on input line 18.
[11 <./images/experimentos/ds1-sigmaof.png> <./images/experimentos/ds2-sigmaof.
png> <./images/experimentos/ds3-sigmaof.png> <./images/experimentos/ds1-sigmayf
.png> <./images/experimentos/ds2-sigmayf.png> <./images/experimentos/ds3-sigmay
f.png>]
<./images/experimentos/variosNormal.png, id=138, 373.395pt x 275.0275pt>
File: ./images/experimentos/variosNormal.png Graphic file (type png)
<use ./images/experimentos/variosNormal.png>
Package pdftex.def Info: ./images/experimentos/variosNormal.png  used on input 
line 40.
(pdftex.def)             Requested size: 179.22755pt x 132.01169pt.

Overfull \hbox (42.65295pt too wide) in paragraph at lines 40--41
 [][] 
 []

File: ./images/experimentos/variosNormal.png Graphic file (type png)
<use ./images/experimentos/variosNormal.png>
Package pdftex.def Info: ./images/experimentos/variosNormal.png  used on input 
line 55.
(pdftex.def)             Requested size: 179.22755pt x 132.01169pt.

Overfull \hbox (42.65295pt too wide) in paragraph at lines 55--56
 [][] 
 []

LaTeX Info: Redefining \. on input line 58.
LaTeX Info: Redefining \% on input line 58.
[12 <./images/experimentos/variosClusters.png> <./images/experimentos/unicoClus
ter.png> <./images/experimentos/variosNormal.png>]
<./images/experimentos/variosDivididoPorCota.png, id=148, 384.43625pt x 275.027
5pt>
File: ./images/experimentos/variosDivididoPorCota.png Graphic file (type png)
<use ./images/experimentos/variosDivididoPorCota.png>
Package pdftex.def Info: ./images/experimentos/variosDivididoPorCota.png  used 
on input line 70.
(pdftex.def)             Requested size: 169.15247pt x 121.01247pt.

Overfull \hbox (32.57787pt too wide) in paragraph at lines 70--71
 [][] 
 []

<./images/experimentos/variosNormalizadoCota.png, id=149, 381.425pt x 275.0275p
t>
File: ./images/experimentos/variosNormalizadoCota.png Graphic file (type png)
<use ./images/experimentos/variosNormalizadoCota.png>
Package pdftex.def Info: ./images/experimentos/variosNormalizadoCota.png  used 
on input line 75.
(pdftex.def)             Requested size: 167.82751pt x 121.01247pt.

Overfull \hbox (31.25291pt too wide) in paragraph at lines 75--76
 [][] 
 []

) (sections/clusters/experimentacion/kruskal-prim.tex
<./images/experimentos/kvp-dataset-11-Kruskal.png, id=150, 433.62pt x 289.08pt>

File: ./images/experimentos/kvp-dataset-11-Kruskal.png Graphic file (type png)
<use ./images/experimentos/kvp-dataset-11-Kruskal.png>
Package pdftex.def Info: ./images/experimentos/kvp-dataset-11-Kruskal.png  used
 on input line 9.
(pdftex.def)             Requested size: 173.44492pt x 115.62994pt.

Overfull \hbox (36.87032pt too wide) in paragraph at lines 9--10
 [][] 
 []

<./images/experimentos/kvp-dataset-4-Kruskal.png, id=151, 433.62pt x 289.08pt>
File: ./images/experimentos/kvp-dataset-4-Kruskal.png Graphic file (type png)
<use ./images/experimentos/kvp-dataset-4-Kruskal.png>
Package pdftex.def Info: ./images/experimentos/kvp-dataset-4-Kruskal.png  used 
on input line 13.
(pdftex.def)             Requested size: 173.44492pt x 115.62994pt.

Overfull \hbox (36.87032pt too wide) in paragraph at lines 13--14
 [][] 
 []

<./images/experimentos/kvp-dataset-6-Kruskal.png, id=152, 433.62pt x 289.08pt>
File: ./images/experimentos/kvp-dataset-6-Kruskal.png Graphic file (type png)
<use ./images/experimentos/kvp-dataset-6-Kruskal.png>
Package pdftex.def Info: ./images/experimentos/kvp-dataset-6-Kruskal.png  used 
on input line 17.
(pdftex.def)             Requested size: 173.44492pt x 115.62994pt.

Overfull \hbox (36.87032pt too wide) in paragraph at lines 17--18
 [][] 
 []

<./images/experimentos/kvp-dataset-11-Prim.png, id=153, 433.62pt x 289.08pt>
File: ./images/experimentos/kvp-dataset-11-Prim.png Graphic file (type png)
<use ./images/experimentos/kvp-dataset-11-Prim.png>
Package pdftex.def Info: ./images/experimentos/kvp-dataset-11-Prim.png  used on
 input line 25.
(pdftex.def)             Requested size: 173.44492pt x 115.62994pt.

Overfull \hbox (36.87032pt too wide) in paragraph at lines 25--26
 [][] 
 []

<./images/experimentos/kvp-dataset-4-Prim.png, id=154, 433.62pt x 289.08pt>
File: ./images/experimentos/kvp-dataset-4-Prim.png Graphic file (type png)
<use ./images/experimentos/kvp-dataset-4-Prim.png>
Package pdftex.def Info: ./images/experimentos/kvp-dataset-4-Prim.png  used on 
input line 29.
(pdftex.def)             Requested size: 173.44492pt x 115.62994pt.

Overfull \hbox (36.87032pt too wide) in paragraph at lines 29--30
 [][] 
 []

<./images/experimentos/kvp-dataset-6-Prim.png, id=155, 433.62pt x 289.08pt>
File: ./images/experimentos/kvp-dataset-6-Prim.png Graphic file (type png)
<use ./images/experimentos/kvp-dataset-6-Prim.png>
Package pdftex.def Info: ./images/experimentos/kvp-dataset-6-Prim.png  used on 
input line 33.
(pdftex.def)             Requested size: 173.44492pt x 115.62994pt.

Overfull \hbox (36.87032pt too wide) in paragraph at lines 33--34
 [][] 
 []

LaTeX Info: Redefining \. on input line 36.
LaTeX Info: Redefining \% on input line 36.
[13 <./images/experimentos/variosDivididoPorCota.png> <./images/experimentos/va
riosNormalizadoCota.png> <./images/experimentos/kvp-dataset-11-Kruskal.png> <./
images/experimentos/kvp-dataset-4-Kruskal.png> <./images/experimentos/kvp-datas
et-6-Kruskal.png>]
<./images/experimentos/prim-v-kruskal.png, id=168, 381.425pt x 275.0275pt>
File: ./images/experimentos/prim-v-kruskal.png Graphic file (type png)
<use ./images/experimentos/prim-v-kruskal.png>
Package pdftex.def Info: ./images/experimentos/prim-v-kruskal.png  used on inpu
t line 45.
(pdftex.def)             Requested size: 209.7844pt x 151.26558pt.

Overfull \hbox (4.92595pt too wide) in paragraph at lines 45--46
 [][] 
 []

<./images/experimentos/prim-v-kruskal-acotado.png, id=169, 384.43625pt x 275.02
75pt>
File: ./images/experimentos/prim-v-kruskal-acotado.png Graphic file (type png)
<use ./images/experimentos/prim-v-kruskal-acotado.png>
Package pdftex.def Info: ./images/experimentos/prim-v-kruskal-acotado.png  used
 on input line 49.
(pdftex.def)             Requested size: 211.44058pt x 151.26558pt.

Overfull \hbox (6.58214pt too wide) in paragraph at lines 49--50
 [][] 
 []

)) (sections/clusters/conclusiones.tex) (sections/arbitraje/introduccion.tex
LaTeX Info: Redefining \. on input line 21.
LaTeX Info: Redefining \% on input line 21.

[14 <./images/experimentos/kvp-dataset-11-Prim.png> <./images/experimentos/kvp-
dataset-4-Prim.png> <./images/experimentos/kvp-dataset-6-Prim.png> <./images/ex
perimentos/prim-v-kruskal.png> <./images/experimentos/prim-v-kruskal-acotado.pn
g>]
Overfull \hbox (2.11pt too wide) in paragraph at lines 23--53
[]$[]$ $[]$ 
 []

) (sections/arbitraje/analisis.tex)
(sections/arbitraje/implementacion-bellman.tex

Package hyperref Warning: Difference (2) between bookmark levels is greater 
(hyperref)                than one, level fixed on input line 2.

LaTeX Info: Redefining \. on input line 38.
LaTeX Info: Redefining \% on input line 38.
[15]
LaTeX Info: Redefining \. on input line 59.
LaTeX Info: Redefining \% on input line 59.
 [16]) (sections/arbitraje/implementacion-floyd.tex

Package hyperref Warning: Difference (2) between bookmark levels is greater 
(hyperref)                than one, level fixed on input line 2.

LaTeX Info: Redefining \. on input line 43.
LaTeX Info: Redefining \% on input line 43.
[17]) (sections/arbitraje/experimentacion.tex
LaTeX Info: Redefining \. on input line 11.
LaTeX Info: Redefining \% on input line 11.
 [18]
<images/experimentos/arbitraje/sinArbitraje.png, id=217, 702.625pt x 451.6875pt
>
File: images/experimentos/arbitraje/sinArbitraje.png Graphic file (type png)
<use images/experimentos/arbitraje/sinArbitraje.png>
Package pdftex.def Info: images/experimentos/arbitraje/sinArbitraje.png  used o
n input line 18.
(pdftex.def)             Requested size: 281.04501pt x 180.67178pt.
<images/experimentos/arbitraje/unicoCicloLongitudVariable.png, id=218, 702.625p
t x 451.6875pt>
File: images/experimentos/arbitraje/unicoCicloLongitudVariable.png Graphic file
 (type png)
<use images/experimentos/arbitraje/unicoCicloLongitudVariable.png>
Package pdftex.def Info: images/experimentos/arbitraje/unicoCicloLongitudVariab
le.png  used on input line 32.
(pdftex.def)             Requested size: 281.04501pt x 180.67178pt.
LaTeX Info: Redefining \. on input line 35.
LaTeX Info: Redefining \% on input line 35.
 [19 <./images/experimentos/arbitraje/sinArbitraje.png>]
<images/experimentos/arbitraje/bellmanFavorable.png, id=228, 702.625pt x 451.68
75pt>
File: images/experimentos/arbitraje/bellmanFavorable.png Graphic file (type png
)
<use images/experimentos/arbitraje/bellmanFavorable.png>
Package pdftex.def Info: images/experimentos/arbitraje/bellmanFavorable.png  us
ed on input line 49.
(pdftex.def)             Requested size: 281.04501pt x 180.67178pt.
LaTeX Info: Redefining \. on input line 54.
LaTeX Info: Redefining \% on input line 54.
 [20 <./images/experimentos/arbitraje/unicoCicloLongitudVariable.png> <./images
/experimentos/arbitraje/bellmanFavorable.png>]
<images/experimentos/arbitraje/floydFavorable.png, id=237, 702.625pt x 451.6875
pt>
File: images/experimentos/arbitraje/floydFavorable.png Graphic file (type png)
<use images/experimentos/arbitraje/floydFavorable.png>
Package pdftex.def Info: images/experimentos/arbitraje/floydFavorable.png  used
 on input line 60.
(pdftex.def)             Requested size: 281.04501pt x 180.67178pt.
)
(sections/arbitraje/conclusiones.tex)
Package atveryend Info: Empty hook `BeforeClearDocument' on input line 172.
LaTeX Info: Redefining \. on input line 172.
LaTeX Info: Redefining \% on input line 172.
 [21 <./images/experimentos/arbitraje/floydFavorable.png>]
Package atveryend Info: Empty hook `AfterLastShipout' on input line 172.
 (informe.aux
LaTeX Info: Redefining \. on input line 24.
LaTeX Info: Redefining \% on input line 24.
)
Package atveryend Info: Executing hook `AtVeryEndDocument' on input line 172.
Package atveryend Info: Executing hook `AtEndAfterFileList' on input line 172.


Package rerunfilecheck Warning: File `informe.out' has changed.
(rerunfilecheck)                Rerun to get outlines right
(rerunfilecheck)                or use package `bookmark'.

Package rerunfilecheck Info: Checksums for `informe.out':
(rerunfilecheck)             Before: <no file>
(rerunfilecheck)             After:  8BDE3CB315D9940AC98710C6F7089D9A;3925.

LaTeX Font Warning: Some font shapes were not available, defaults substituted.


LaTeX Warning: Label(s) may have changed. Rerun to get cross-references right.

Package atveryend Info: Empty hook `AtVeryVeryEnd' on input line 172.
 ) 
Here is how much of TeX's memory you used:
 9843 strings out of 492895
 145872 string characters out of 3133462
 264659 words of memory out of 3000000
 13405 multiletter control sequences out of 15000+200000
 28307 words of font info for 52 fonts, out of 3000000 for 9000
 1141 hyphenation exceptions out of 8191
 33i,13n,43p,1440b,437s stack positions out of 5000i,500n,10000p,200000b,50000s
{C:/Program Files/MiKTeX 2.9/fonts/enc/dvips/base/8r.enc}<C:/Program Files/Mi
KTeX 2.9/fonts/type1/bitstrea/charter/bchb8a.pfb><C:/Program Files/MiKTeX 2.9/f
onts/type1/bitstrea/charter/bchr8a.pfb><C:/Program Files/MiKTeX 2.9/fonts/type1
/bitstrea/charter/bchri8a.pfb><C:/Program Files/MiKTeX 2.9/fonts/type1/public/a
msfonts/cm/cmbx10.pfb><C:/Program Files/MiKTeX 2.9/fonts/type1/public/amsfonts/
cm/cmex10.pfb><C:/Program Files/MiKTeX 2.9/fonts/type1/public/amsfonts/cmextra/
cmex7.pfb><C:/Program Files/MiKTeX 2.9/fonts/type1/public/amsfonts/cm/cmmi10.pf
b><C:/Program Files/MiKTeX 2.9/fonts/type1/public/amsfonts/cm/cmmi5.pfb><C:/Pro
gram Files/MiKTeX 2.9/fonts/type1/public/amsfonts/cm/cmmi7.pfb><C:/Program File
s/MiKTeX 2.9/fonts/type1/public/amsfonts/cm/cmr10.pfb><C:/Program Files/MiKTeX 
2.9/fonts/type1/public/amsfonts/cm/cmr5.pfb><C:/Program Files/MiKTeX 2.9/fonts/
type1/public/amsfonts/cm/cmr7.pfb><C:/Program Files/MiKTeX 2.9/fonts/type1/publ
ic/amsfonts/cm/cmss10.pfb><C:/Program Files/MiKTeX 2.9/fonts/type1/public/amsfo
nts/cm/cmsy10.pfb><C:/Program Files/MiKTeX 2.9/fonts/type1/public/amsfonts/cm/c
msy7.pfb><C:/Program Files/MiKTeX 2.9/fonts/type1/public/amsfonts/cm/cmtt10.pfb
><C:/Program Files/MiKTeX 2.9/fonts/type1/public/amsfonts/symbols/msbm10.pfb>
Output written on informe.pdf (21 pages, 1688784 bytes).
PDF statistics:
 321 PDF objects out of 1000 (max. 8388607)
 93 named destinations out of 1000 (max. 500000)
 171 words of extra memory for PDF output out of 10000 (max. 10000000)

